compiler: Compilation to P4 started...
compiler: Starting P4-Tofino compilation. Using switch port configuration: 
recirc dpid: 68
lucid internal ports: 
lucid external ports: 12@100Gb/s, 28@100Gb/s, 36@100Gb/s, 19@100Gb/s
port-event bindings: (264 : update_route)
-------- layout ----------
number of nodes in dfg: 52
placing IR statement 1 / 52 into current pipeline:
--- 0 IR statements in 0 physical tables across 0 stages ---

placing IR statement 2 / 52 into current pipeline:
--- 1 IR statements in 1 physical tables across 1 stages ---
stage 0 -- 1 tables: [(branches: 1, IR statements: 1, statement groups: 1)]
placing IR statement 3 / 52 into current pipeline:
--- 2 IR statements in 1 physical tables across 1 stages ---
stage 0 -- 1 tables: [(branches: 2, IR statements: 2, statement groups: 2)]
placing IR statement 4 / 52 into current pipeline:
--- 3 IR statements in 1 physical tables across 1 stages ---
stage 0 -- 1 tables: [(branches: 3, IR statements: 3, statement groups: 3)]
placing IR statement 5 / 52 into current pipeline:
--- 4 IR statements in 1 physical tables across 1 stages ---
stage 0 -- 1 tables: [(branches: 3, IR statements: 4, statement groups: 4)]
placing IR statement 6 / 52 into current pipeline:
--- 5 IR statements in 1 physical tables across 1 stages ---
stage 0 -- 1 tables: [(branches: 3, IR statements: 5, statement groups: 5)]
placing IR statement 7 / 52 into current pipeline:
--- 6 IR statements in 1 physical tables across 1 stages ---
stage 0 -- 1 tables: [(branches: 3, IR statements: 6, statement groups: 6)]
placing IR statement 8 / 52 into current pipeline:
--- 7 IR statements in 1 physical tables across 1 stages ---
stage 0 -- 1 tables: [(branches: 3, IR statements: 7, statement groups: 7)]
placing IR statement 9 / 52 into current pipeline:
--- 8 IR statements in 1 physical tables across 1 stages ---
stage 0 -- 1 tables: [(branches: 3, IR statements: 8, statement groups: 8)]
placing IR statement 10 / 52 into current pipeline:
--- 9 IR statements in 1 physical tables across 1 stages ---
stage 0 -- 1 tables: [(branches: 3, IR statements: 9, statement groups: 9)]
placing IR statement 11 / 52 into current pipeline:
--- 10 IR statements in 1 physical tables across 1 stages ---
stage 0 -- 1 tables: [(branches: 3, IR statements: 10, statement groups: 10)]
placing IR statement 12 / 52 into current pipeline:
--- 11 IR statements in 1 physical tables across 1 stages ---
stage 0 -- 1 tables: [(branches: 3, IR statements: 11, statement groups: 11)]
placing IR statement 13 / 52 into current pipeline:
--- 12 IR statements in 1 physical tables across 1 stages ---
stage 0 -- 1 tables: [(branches: 3, IR statements: 12, statement groups: 12)]
placing IR statement 14 / 52 into current pipeline:
--- 13 IR statements in 1 physical tables across 1 stages ---
stage 0 -- 1 tables: [(branches: 4, IR statements: 13, statement groups: 13)]
placing IR statement 15 / 52 into current pipeline:
--- 14 IR statements in 2 physical tables across 2 stages ---
stage 0 -- 1 tables: [(branches: 4, IR statements: 13, statement groups: 13)]
stage 1 -- 1 tables: [(branches: 37, IR statements: 1, statement groups: 1)]
placing IR statement 16 / 52 into current pipeline:
--- 15 IR statements in 2 physical tables across 2 stages ---
stage 0 -- 1 tables: [(branches: 4, IR statements: 13, statement groups: 13)]
stage 1 -- 1 tables: [(branches: 37, IR statements: 2, statement groups: 2)]
placing IR statement 17 / 52 into current pipeline:
--- 16 IR statements in 2 physical tables across 2 stages ---
stage 0 -- 1 tables: [(branches: 4, IR statements: 13, statement groups: 13)]
stage 1 -- 1 tables: [(branches: 37, IR statements: 3, statement groups: 3)]
placing IR statement 18 / 52 into current pipeline:
--- 17 IR statements in 2 physical tables across 2 stages ---
stage 0 -- 1 tables: [(branches: 4, IR statements: 13, statement groups: 13)]
stage 1 -- 1 tables: [(branches: 37, IR statements: 4, statement groups: 4)]
placing IR statement 19 / 52 into current pipeline:
--- 18 IR statements in 2 physical tables across 2 stages ---
stage 0 -- 1 tables: [(branches: 4, IR statements: 13, statement groups: 13)]
stage 1 -- 1 tables: [(branches: 37, IR statements: 5, statement groups: 5)]
placing IR statement 20 / 52 into current pipeline:
--- 19 IR statements in 2 physical tables across 2 stages ---
stage 0 -- 1 tables: [(branches: 4, IR statements: 13, statement groups: 13)]
stage 1 -- 1 tables: [(branches: 37, IR statements: 6, statement groups: 6)]
placing IR statement 21 / 52 into current pipeline:
--- 20 IR statements in 2 physical tables across 2 stages ---
stage 0 -- 1 tables: [(branches: 4, IR statements: 13, statement groups: 13)]
stage 1 -- 1 tables: [(branches: 37, IR statements: 7, statement groups: 7)]
placing IR statement 22 / 52 into current pipeline:
--- 21 IR statements in 2 physical tables across 2 stages ---
stage 0 -- 1 tables: [(branches: 4, IR statements: 13, statement groups: 13)]
stage 1 -- 1 tables: [(branches: 37, IR statements: 8, statement groups: 8)]
placing IR statement 23 / 52 into current pipeline:
--- 22 IR statements in 2 physical tables across 2 stages ---
stage 0 -- 1 tables: [(branches: 4, IR statements: 13, statement groups: 13)]
stage 1 -- 1 tables: [(branches: 37, IR statements: 9, statement groups: 9)]
placing IR statement 24 / 52 into current pipeline:
--- 23 IR statements in 2 physical tables across 2 stages ---
stage 0 -- 1 tables: [(branches: 4, IR statements: 13, statement groups: 13)]
stage 1 -- 1 tables: [(branches: 37, IR statements: 10, statement groups: 10)]
placing IR statement 25 / 52 into current pipeline:
--- 24 IR statements in 2 physical tables across 2 stages ---
stage 0 -- 1 tables: [(branches: 4, IR statements: 13, statement groups: 13)]
stage 1 -- 1 tables: [(branches: 37, IR statements: 11, statement groups: 11)]
placing IR statement 26 / 52 into current pipeline:
--- 25 IR statements in 2 physical tables across 2 stages ---
stage 0 -- 1 tables: [(branches: 4, IR statements: 13, statement groups: 13)]
stage 1 -- 1 tables: [(branches: 37, IR statements: 12, statement groups: 12)]
placing IR statement 27 / 52 into current pipeline:
--- 26 IR statements in 2 physical tables across 2 stages ---
stage 0 -- 1 tables: [(branches: 4, IR statements: 13, statement groups: 13)]
stage 1 -- 1 tables: [(branches: 37, IR statements: 13, statement groups: 13)]
placing IR statement 28 / 52 into current pipeline:
--- 27 IR statements in 2 physical tables across 2 stages ---
stage 0 -- 1 tables: [(branches: 4, IR statements: 13, statement groups: 13)]
stage 1 -- 1 tables: [(branches: 37, IR statements: 14, statement groups: 14)]
placing IR statement 29 / 52 into current pipeline:
--- 28 IR statements in 2 physical tables across 2 stages ---
stage 0 -- 1 tables: [(branches: 4, IR statements: 13, statement groups: 13)]
stage 1 -- 1 tables: [(branches: 37, IR statements: 15, statement groups: 15)]
placing IR statement 30 / 52 into current pipeline:
--- 29 IR statements in 2 physical tables across 2 stages ---
stage 0 -- 1 tables: [(branches: 4, IR statements: 13, statement groups: 13)]
stage 1 -- 1 tables: [(branches: 37, IR statements: 16, statement groups: 16)]
placing IR statement 31 / 52 into current pipeline:
--- 30 IR statements in 2 physical tables across 2 stages ---
stage 0 -- 1 tables: [(branches: 4, IR statements: 13, statement groups: 13)]
stage 1 -- 1 tables: [(branches: 37, IR statements: 17, statement groups: 17)]
placing IR statement 32 / 52 into current pipeline:
--- 31 IR statements in 2 physical tables across 2 stages ---
stage 0 -- 1 tables: [(branches: 4, IR statements: 13, statement groups: 13)]
stage 1 -- 1 tables: [(branches: 37, IR statements: 18, statement groups: 18)]
placing IR statement 33 / 52 into current pipeline:
--- 32 IR statements in 3 physical tables across 3 stages ---
stage 0 -- 1 tables: [(branches: 4, IR statements: 13, statement groups: 13)]
stage 1 -- 1 tables: [(branches: 37, IR statements: 18, statement groups: 18)]
stage 2 -- 1 tables: [(branches: 3, IR statements: 1, statement groups: 1)]
placing IR statement 35 / 52 into current pipeline:
--- 34 IR statements in 4 physical tables across 4 stages ---
stage 0 -- 1 tables: [(branches: 4, IR statements: 13, statement groups: 13)]
stage 1 -- 1 tables: [(branches: 37, IR statements: 18, statement groups: 18)]
stage 2 -- 1 tables: [(branches: 3, IR statements: 1, statement groups: 1)]
stage 3 -- 1 tables: [(branches: 4, IR statements: 2, statement groups: 1)]
placing IR statement 36 / 52 into current pipeline:
--- 35 IR statements in 5 physical tables across 5 stages ---
stage 0 -- 1 tables: [(branches: 4, IR statements: 13, statement groups: 13)]
stage 1 -- 1 tables: [(branches: 37, IR statements: 18, statement groups: 18)]
stage 2 -- 1 tables: [(branches: 3, IR statements: 1, statement groups: 1)]
stage 3 -- 1 tables: [(branches: 4, IR statements: 2, statement groups: 1)]
stage 4 -- 1 tables: [(branches: 4, IR statements: 1, statement groups: 1)]
placing IR statement 37 / 52 into current pipeline:
--- 36 IR statements in 5 physical tables across 5 stages ---
stage 0 -- 1 tables: [(branches: 4, IR statements: 13, statement groups: 13)]
stage 1 -- 1 tables: [(branches: 37, IR statements: 18, statement groups: 18)]
stage 2 -- 1 tables: [(branches: 3, IR statements: 1, statement groups: 1)]
stage 3 -- 1 tables: [(branches: 4, IR statements: 2, statement groups: 1)]
stage 4 -- 1 tables: [(branches: 4, IR statements: 2, statement groups: 2)]
placing IR statement 38 / 52 into current pipeline:
--- 37 IR statements in 6 physical tables across 6 stages ---
stage 0 -- 1 tables: [(branches: 4, IR statements: 13, statement groups: 13)]
stage 1 -- 1 tables: [(branches: 37, IR statements: 18, statement groups: 18)]
stage 2 -- 1 tables: [(branches: 3, IR statements: 1, statement groups: 1)]
stage 3 -- 1 tables: [(branches: 4, IR statements: 2, statement groups: 1)]
stage 4 -- 1 tables: [(branches: 4, IR statements: 2, statement groups: 2)]
stage 5 -- 1 tables: [(branches: 3, IR statements: 1, statement groups: 1)]
placing IR statement 39 / 52 into current pipeline:
--- 38 IR statements in 6 physical tables across 6 stages ---
stage 0 -- 1 tables: [(branches: 4, IR statements: 13, statement groups: 13)]
stage 1 -- 1 tables: [(branches: 37, IR statements: 18, statement groups: 18)]
stage 2 -- 1 tables: [(branches: 3, IR statements: 1, statement groups: 1)]
stage 3 -- 1 tables: [(branches: 4, IR statements: 2, statement groups: 1)]
stage 4 -- 1 tables: [(branches: 4, IR statements: 2, statement groups: 2)]
stage 5 -- 1 tables: [(branches: 3, IR statements: 2, statement groups: 2)]
placing IR statement 40 / 52 into current pipeline:
--- 39 IR statements in 6 physical tables across 6 stages ---
stage 0 -- 1 tables: [(branches: 4, IR statements: 13, statement groups: 13)]
stage 1 -- 1 tables: [(branches: 37, IR statements: 18, statement groups: 18)]
stage 2 -- 1 tables: [(branches: 3, IR statements: 1, statement groups: 1)]
stage 3 -- 1 tables: [(branches: 4, IR statements: 2, statement groups: 1)]
stage 4 -- 1 tables: [(branches: 4, IR statements: 2, statement groups: 2)]
stage 5 -- 1 tables: [(branches: 3, IR statements: 3, statement groups: 3)]
placing IR statement 41 / 52 into current pipeline:
--- 40 IR statements in 6 physical tables across 6 stages ---
stage 0 -- 1 tables: [(branches: 4, IR statements: 13, statement groups: 13)]
stage 1 -- 1 tables: [(branches: 37, IR statements: 18, statement groups: 18)]
stage 2 -- 1 tables: [(branches: 3, IR statements: 1, statement groups: 1)]
stage 3 -- 1 tables: [(branches: 4, IR statements: 2, statement groups: 1)]
stage 4 -- 1 tables: [(branches: 4, IR statements: 2, statement groups: 2)]
stage 5 -- 1 tables: [(branches: 3, IR statements: 4, statement groups: 4)]
placing IR statement 42 / 52 into current pipeline:
--- 41 IR statements in 6 physical tables across 6 stages ---
stage 0 -- 1 tables: [(branches: 4, IR statements: 13, statement groups: 13)]
stage 1 -- 1 tables: [(branches: 37, IR statements: 18, statement groups: 18)]
stage 2 -- 1 tables: [(branches: 3, IR statements: 1, statement groups: 1)]
stage 3 -- 1 tables: [(branches: 4, IR statements: 2, statement groups: 1)]
stage 4 -- 1 tables: [(branches: 4, IR statements: 2, statement groups: 2)]
stage 5 -- 1 tables: [(branches: 3, IR statements: 5, statement groups: 5)]
placing IR statement 43 / 52 into current pipeline:
--- 42 IR statements in 6 physical tables across 6 stages ---
stage 0 -- 1 tables: [(branches: 4, IR statements: 13, statement groups: 13)]
stage 1 -- 1 tables: [(branches: 37, IR statements: 18, statement groups: 18)]
stage 2 -- 1 tables: [(branches: 3, IR statements: 1, statement groups: 1)]
stage 3 -- 1 tables: [(branches: 4, IR statements: 2, statement groups: 1)]
stage 4 -- 1 tables: [(branches: 4, IR statements: 2, statement groups: 2)]
stage 5 -- 1 tables: [(branches: 3, IR statements: 6, statement groups: 6)]
placing IR statement 44 / 52 into current pipeline:
--- 43 IR statements in 6 physical tables across 6 stages ---
stage 0 -- 1 tables: [(branches: 4, IR statements: 13, statement groups: 13)]
stage 1 -- 1 tables: [(branches: 37, IR statements: 18, statement groups: 18)]
stage 2 -- 1 tables: [(branches: 3, IR statements: 1, statement groups: 1)]
stage 3 -- 1 tables: [(branches: 4, IR statements: 2, statement groups: 1)]
stage 4 -- 1 tables: [(branches: 4, IR statements: 2, statement groups: 2)]
stage 5 -- 1 tables: [(branches: 3, IR statements: 7, statement groups: 7)]
placing IR statement 45 / 52 into current pipeline:
--- 44 IR statements in 6 physical tables across 6 stages ---
stage 0 -- 1 tables: [(branches: 4, IR statements: 13, statement groups: 13)]
stage 1 -- 1 tables: [(branches: 37, IR statements: 18, statement groups: 18)]
stage 2 -- 1 tables: [(branches: 3, IR statements: 1, statement groups: 1)]
stage 3 -- 1 tables: [(branches: 4, IR statements: 2, statement groups: 1)]
stage 4 -- 1 tables: [(branches: 4, IR statements: 2, statement groups: 2)]
stage 5 -- 1 tables: [(branches: 3, IR statements: 8, statement groups: 8)]
placing IR statement 46 / 52 into current pipeline:
--- 45 IR statements in 6 physical tables across 6 stages ---
stage 0 -- 1 tables: [(branches: 4, IR statements: 13, statement groups: 13)]
stage 1 -- 1 tables: [(branches: 37, IR statements: 18, statement groups: 18)]
stage 2 -- 1 tables: [(branches: 3, IR statements: 1, statement groups: 1)]
stage 3 -- 1 tables: [(branches: 4, IR statements: 2, statement groups: 1)]
stage 4 -- 1 tables: [(branches: 4, IR statements: 2, statement groups: 2)]
stage 5 -- 1 tables: [(branches: 3, IR statements: 9, statement groups: 9)]
placing IR statement 47 / 52 into current pipeline:
--- 46 IR statements in 6 physical tables across 6 stages ---
stage 0 -- 1 tables: [(branches: 4, IR statements: 13, statement groups: 13)]
stage 1 -- 1 tables: [(branches: 37, IR statements: 18, statement groups: 18)]
stage 2 -- 1 tables: [(branches: 3, IR statements: 1, statement groups: 1)]
stage 3 -- 1 tables: [(branches: 4, IR statements: 2, statement groups: 1)]
stage 4 -- 1 tables: [(branches: 4, IR statements: 2, statement groups: 2)]
stage 5 -- 1 tables: [(branches: 3, IR statements: 10, statement groups: 10)]
placing IR statement 48 / 52 into current pipeline:
--- 47 IR statements in 6 physical tables across 6 stages ---
stage 0 -- 1 tables: [(branches: 4, IR statements: 13, statement groups: 13)]
stage 1 -- 1 tables: [(branches: 37, IR statements: 18, statement groups: 18)]
stage 2 -- 1 tables: [(branches: 3, IR statements: 1, statement groups: 1)]
stage 3 -- 1 tables: [(branches: 4, IR statements: 2, statement groups: 1)]
stage 4 -- 1 tables: [(branches: 4, IR statements: 2, statement groups: 2)]
stage 5 -- 1 tables: [(branches: 3, IR statements: 11, statement groups: 11)]
placing IR statement 49 / 52 into current pipeline:
--- 48 IR statements in 7 physical tables across 7 stages ---
stage 0 -- 1 tables: [(branches: 4, IR statements: 13, statement groups: 13)]
stage 1 -- 1 tables: [(branches: 37, IR statements: 18, statement groups: 18)]
stage 2 -- 1 tables: [(branches: 3, IR statements: 1, statement groups: 1)]
stage 3 -- 1 tables: [(branches: 4, IR statements: 2, statement groups: 1)]
stage 4 -- 1 tables: [(branches: 4, IR statements: 2, statement groups: 2)]
stage 5 -- 1 tables: [(branches: 3, IR statements: 11, statement groups: 11)]
stage 6 -- 1 tables: [(branches: 3, IR statements: 1, statement groups: 1)]
placing IR statement 50 / 52 into current pipeline:
--- 49 IR statements in 7 physical tables across 7 stages ---
stage 0 -- 1 tables: [(branches: 4, IR statements: 13, statement groups: 13)]
stage 1 -- 1 tables: [(branches: 37, IR statements: 18, statement groups: 18)]
stage 2 -- 1 tables: [(branches: 3, IR statements: 1, statement groups: 1)]
stage 3 -- 1 tables: [(branches: 4, IR statements: 2, statement groups: 1)]
stage 4 -- 1 tables: [(branches: 4, IR statements: 2, statement groups: 2)]
stage 5 -- 1 tables: [(branches: 3, IR statements: 11, statement groups: 11)]
stage 6 -- 1 tables: [(branches: 3, IR statements: 2, statement groups: 2)]
placing IR statement 51 / 52 into current pipeline:
--- 50 IR statements in 8 physical tables across 8 stages ---
stage 0 -- 1 tables: [(branches: 4, IR statements: 13, statement groups: 13)]
stage 1 -- 1 tables: [(branches: 37, IR statements: 18, statement groups: 18)]
stage 2 -- 1 tables: [(branches: 3, IR statements: 1, statement groups: 1)]
stage 3 -- 1 tables: [(branches: 4, IR statements: 2, statement groups: 1)]
stage 4 -- 1 tables: [(branches: 4, IR statements: 2, statement groups: 2)]
stage 5 -- 1 tables: [(branches: 3, IR statements: 11, statement groups: 11)]
stage 6 -- 1 tables: [(branches: 3, IR statements: 2, statement groups: 2)]
stage 7 -- 1 tables: [(branches: 3, IR statements: 1, statement groups: 1)]
placing IR statement 52 / 52 into current pipeline:
--- 51 IR statements in 9 physical tables across 9 stages ---
stage 0 -- 1 tables: [(branches: 4, IR statements: 13, statement groups: 13)]
stage 1 -- 1 tables: [(branches: 37, IR statements: 18, statement groups: 18)]
stage 2 -- 1 tables: [(branches: 3, IR statements: 1, statement groups: 1)]
stage 3 -- 1 tables: [(branches: 4, IR statements: 2, statement groups: 1)]
stage 4 -- 1 tables: [(branches: 4, IR statements: 2, statement groups: 2)]
stage 5 -- 1 tables: [(branches: 3, IR statements: 11, statement groups: 11)]
stage 6 -- 1 tables: [(branches: 3, IR statements: 2, statement groups: 2)]
stage 7 -- 1 tables: [(branches: 3, IR statements: 1, statement groups: 1)]
stage 8 -- 1 tables: [(branches: 3, IR statements: 1, statement groups: 1)]
[coreLayoutNew] final pipeline
--- 52 IR statements in 10 physical tables across 10 stages ---
stage 0 -- 1 tables: [(branches: 4, IR statements: 13, statement groups: 13)]
stage 1 -- 1 tables: [(branches: 37, IR statements: 18, statement groups: 18)]
stage 2 -- 1 tables: [(branches: 3, IR statements: 1, statement groups: 1)]
stage 3 -- 1 tables: [(branches: 4, IR statements: 2, statement groups: 1)]
stage 4 -- 1 tables: [(branches: 4, IR statements: 2, statement groups: 2)]
stage 5 -- 1 tables: [(branches: 3, IR statements: 11, statement groups: 11)]
stage 6 -- 1 tables: [(branches: 3, IR statements: 2, statement groups: 2)]
stage 7 -- 1 tables: [(branches: 3, IR statements: 1, statement groups: 1)]
stage 8 -- 1 tables: [(branches: 3, IR statements: 1, statement groups: 1)]
stage 9 -- 1 tables: [(branches: 3, IR statements: 1, statement groups: 1)]
compiler: Compilation to P4 finished. Writing to build directory:target-route-updates-v6ICMP
